<?xml version="1.0" encoding="UTF-8"?>
<testng-results skipped="0" failed="0" ignored="0" total="2" passed="2">
  <reporter-output>
  </reporter-output>
  <suite name="Default suite" duration-ms="64" started-at="2019-05-02T12:07:40Z" finished-at="2019-05-02T12:07:40Z">
    <groups>
    </groups>
    <test name="Default test" duration-ms="64" started-at="2019-05-02T12:07:40Z" finished-at="2019-05-02T12:07:40Z">
      <class name="testng.CustomerTest_withAll_Annotation">
        <test-method status="PASS" signature="configBC()[pri:0, instance:testng.CustomerTest_withAll_Annotation@3532ec19]" name="configBC" is-config="true" duration-ms="15" started-at="2019-05-02T12:07:40Z" finished-at="2019-05-02T12:07:40Z">
          <reporter-output>
          </reporter-output>
        </test-method> <!-- configBC -->
        <test-method status="PASS" signature="configBM()[pri:0, instance:testng.CustomerTest_withAll_Annotation@3532ec19]" name="configBM" is-config="true" duration-ms="0" started-at="2019-05-02T12:07:40Z" finished-at="2019-05-02T12:07:40Z">
          <reporter-output>
          </reporter-output>
        </test-method> <!-- configBM -->
        <test-method status="PASS" signature="createCustomerTest()[pri:0, instance:testng.CustomerTest_withAll_Annotation@3532ec19]" name="createCustomerTest" duration-ms="16" started-at="2019-05-02T12:07:40Z" finished-at="2019-05-02T12:07:40Z">
          <reporter-output>
          </reporter-output>
        </test-method> <!-- createCustomerTest -->
        <test-method status="PASS" signature="configAC()[pri:0, instance:testng.CustomerTest_withAll_Annotation@3532ec19]" name="configAC" is-config="true" duration-ms="0" started-at="2019-05-02T12:07:40Z" finished-at="2019-05-02T12:07:40Z">
          <reporter-output>
          </reporter-output>
        </test-method> <!-- configAC -->
        <test-method status="PASS" signature="configAM()[pri:0, instance:testng.CustomerTest_withAll_Annotation@3532ec19]" name="configAM" is-config="true" duration-ms="0" started-at="2019-05-02T12:07:40Z" finished-at="2019-05-02T12:07:40Z">
          <reporter-output>
          </reporter-output>
        </test-method> <!-- configAM -->
        <test-method status="PASS" signature="configBM()[pri:0, instance:testng.CustomerTest_withAll_Annotation@3532ec19]" name="configBM" is-config="true" duration-ms="0" started-at="2019-05-02T12:07:40Z" finished-at="2019-05-02T12:07:40Z">
          <reporter-output>
          </reporter-output>
        </test-method> <!-- configBM -->
        <test-method status="PASS" signature="configAM()[pri:0, instance:testng.CustomerTest_withAll_Annotation@3532ec19]" name="configAM" is-config="true" duration-ms="0" started-at="2019-05-02T12:07:40Z" finished-at="2019-05-02T12:07:40Z">
          <reporter-output>
          </reporter-output>
        </test-method> <!-- configAM -->
        <test-method status="PASS" signature="modifyCustomerTest()[pri:0, instance:testng.CustomerTest_withAll_Annotation@3532ec19]" name="modifyCustomerTest" duration-ms="0" started-at="2019-05-02T12:07:40Z" finished-at="2019-05-02T12:07:40Z">
          <reporter-output>
          </reporter-output>
        </test-method> <!-- modifyCustomerTest -->
      </class> <!-- testng.CustomerTest_withAll_Annotation -->
    </test> <!-- Default test -->
  </suite> <!-- Default suite -->
</testng-results>
